Client #1508145282288 connected
Client #1508145282288 has asked: 7 more than 9?
Server answered to Client #1508145282288: 1
Client #1508145282288 has asked: Is Jon Snow King of The North?
Server answered to Client #1508145282288: 1
Client #1508145282288 has asked: Did Light dead at the end of 'Death Note'?
Server answered to Client #1508145282288: 0
Client #1508145282288 has asked: Is today Sunday?
Server answered to Client #1508145282288: 1
Client #1508145282288 has asked: The Hodor saved Bran, didn't he?
Server answered to Client #1508145282288: 1
Client #1508145282288 disconnectedClient #1508145282381 connected
Client #1508145282381 has asked: Did Light dead at the end of 'Death Note'?
Server answered to Client #1508145282381: 1
Client #1508145282381 has asked: 7 more than 9?
Server answered to Client #1508145282381: 0
Client #1508145282381 has asked: The Hodor saved Bran, didn't he?
Server answered to Client #1508145282381: 0
Client #1508145282381 has asked: Is today Sunday?
Server answered to Client #1508145282381: 0
Client #1508145282381 has asked: Is Jon Snow King of The North?
Server answered to Client #1508145282381: 0
Client #1508145282381 disconnectedClient #1508145282426 connected
Client #1508145282426 has asked: Is Jon Snow King of The North?
Server answered to Client #1508145282426: 1
Client #1508145282426 has asked: Is today Sunday?
Server answered to Client #1508145282426: 1
Client #1508145282426 has asked: 7 more than 9?
Server answered to Client #1508145282426: 0
Client #1508145282426 has asked: Did Light dead at the end of 'Death Note'?
Server answered to Client #1508145282426: 1
Client #1508145282426 has asked: The Hodor saved Bran, didn't he?
Server answered to Client #1508145282426: 0
Client #1508145282426 disconnectedClient #1508145282584 connected
Client #1508145282584 has asked: Is Jon Snow King of The North?
Server answered to Client #1508145282584: 0
Client #1508145282584 has asked: Is today Sunday?
Server answered to Client #1508145282584: 1
Client #1508145282584 has asked: 7 more than 9?
Server answered to Client #1508145282584: 1
Client #1508145282584 has asked: Did Light dead at the end of 'Death Note'?
Server answered to Client #1508145282584: 1
Client #1508145282584 has asked: The Hodor saved Bran, didn't he?
Server answered to Client #1508145282584: 1
Client #1508145282584 disconnected